<?xml version="1.0" encoding="UTF-8"?>
<testng-results ignored="0" total="1" passed="1" failed="0" skipped="0">
  <reporter-output>
  </reporter-output>
  <suite started-at="2022-05-28T20:47:41 IDT" name="Default suite" finished-at="2022-05-28T20:47:47 IDT" duration-ms="5642">
    <groups>
    </groups>
    <test started-at="2022-05-28T20:47:41 IDT" name="Default test" finished-at="2022-05-28T20:47:47 IDT" duration-ms="5642">
      <class name="XMLValidator">
        <test-method signature="jsonSchema()[pri:0, instance:XMLValidator@1613674b]" started-at="2022-05-28T20:47:41 IDT" name="jsonSchema" finished-at="2022-05-28T20:47:47 IDT" duration-ms="5526" status="PASS">
          <reporter-output>
          </reporter-output>
        </test-method> <!-- jsonSchema -->
      </class> <!-- XMLValidator -->
    </test> <!-- Default test -->
  </suite> <!-- Default suite -->
</testng-results>
